<?xml version="1.0" encoding="UTF-8"?>
<!-- Generated by org.testng.reporters.JUnitReportReporter -->
<testsuite hostname="TYSS-Mohammad" failures="0" tests="5" name="com.crm.vtiger.dataProvider.DataProviderDemoTest" time="0.005" errors="0" timestamp="2022-01-06T13:54:32 IST" skipped="0">
  <testcase classname="com.crm.vtiger.dataProvider.DataProviderDemoTest" name="ticketBooking" time="0.001"/>
  <system-out/>
  <testcase classname="com.crm.vtiger.dataProvider.DataProviderDemoTest" name="ticketBooking" time="0.002"/>
  <system-out/>
  <testcase classname="com.crm.vtiger.dataProvider.DataProviderDemoTest" name="ticketBooking" time="0.001"/>
  <system-out/>
  <testcase classname="com.crm.vtiger.dataProvider.DataProviderDemoTest" name="ticketBooking" time="0.001"/>
  <system-out/>
  <testcase classname="com.crm.vtiger.dataProvider.DataProviderDemoTest" name="ticketBooking" time="0.000"/>
  <system-out/>
</testsuite> <!-- com.crm.vtiger.dataProvider.DataProviderDemoTest -->
