<?xml version="1.0" encoding="UTF-8"?>
<!-- Generated by org.testng.reporters.JUnitReportReporter -->
<testsuite hostname="TYSS-Mohammad" failures="0" tests="1" name="javaprogram.LaunchBrowserTest" time="5.902" errors="0" timestamp="2022-01-06T13:54:32 IST" skipped="0">
  <testcase classname="javaprogram.LaunchBrowserTest" name="launchBrowser" time="5.902"/>
  <system-out/>
</testsuite> <!-- javaprogram.LaunchBrowserTest -->
