<?xml version="1.0" encoding="UTF-8"?>
<!-- Generated by org.testng.reporters.JUnitReportReporter -->
<testsuite hostname="TYSS-Mohammad" failures="0" tests="1" name="com.crm.vtiger.LoginToVtiger" time="6.076" errors="0" timestamp="2022-01-05T17:38:21 IST" skipped="0">
  <testcase classname="com.crm.vtiger.LoginToVtiger" name="ReadLoginDetailsFromPropertyFile" time="6.076"/>
  <system-out/>
</testsuite> <!-- com.crm.vtiger.LoginToVtiger -->
