<?xml version="1.0" encoding="UTF-8"?>
<!-- Generated by org.testng.reporters.JUnitReportReporter -->
<testsuite hostname="TYSS-Mohammad" failures="0" tests="1" name="com.crm.vtiger.genericJavaUtilities.JavaUtilities" time="0.024" errors="0" timestamp="2021-11-24T12:30:26 IST" skipped="0">
  <testcase classname="com.crm.vtiger.genericJavaUtilities.JavaUtilities" name="getSystemDate" time="0.024"/>
  <system-out/>
</testsuite> <!-- com.crm.vtiger.genericJavaUtilities.JavaUtilities -->
