<?xml version="1.0" encoding="UTF-8"?>
<!-- Generated by org.testng.reporters.JUnitReportReporter -->
<testsuite hostname="TYSS-Mohammad" failures="0" tests="3" name="com.crm.vtiger.dataProvider.CreateOrgTest" time="0.003" errors="0" timestamp="2022-01-06T13:54:32 IST" skipped="0">
  <testcase classname="com.crm.vtiger.dataProvider.CreateOrgTest" name="createOrg" time="0.001"/>
  <system-out/>
  <testcase classname="com.crm.vtiger.dataProvider.CreateOrgTest" name="createOrgWithRating" time="0.001"/>
  <system-out/>
  <testcase classname="com.crm.vtiger.dataProvider.CreateOrgTest" name="createOrgWithIndustry" time="0.001"/>
  <system-out/>
</testsuite> <!-- com.crm.vtiger.dataProvider.CreateOrgTest -->
