<?xml version="1.0" encoding="UTF-8"?>
<!-- Generated by org.testng.reporters.JUnitReportReporter -->
<testsuite hostname="TYSS-Mohammad" failures="0" tests="1" name="com.crm.vtiger.LoginToVtigerTest" time="3.957" errors="0" timestamp="2022-01-06T13:54:32 IST" skipped="0">
  <testcase classname="com.crm.vtiger.LoginToVtigerTest" name="ReadLoginDetailsFromPropertyFile" time="3.957"/>
  <system-out/>
</testsuite> <!-- com.crm.vtiger.LoginToVtigerTest -->
