<?xml version="1.0" encoding="UTF-8"?>
<!-- Generated by org.testng.reporters.JUnitReportReporter -->
<testsuite skipped="0" hostname="TYSS-Mohammad" name="com.crm.vtiger.dataProvider.DataProviderDemoTest" tests="5" failures="0" timestamp="08 Jan 2022 13:21:01 GMT" time="0.001" errors="0">
  <testcase name="ticketBooking" time="0.000" classname="com.crm.vtiger.dataProvider.DataProviderDemoTest"/>
  <testcase name="ticketBooking" time="0.000" classname="com.crm.vtiger.dataProvider.DataProviderDemoTest"/>
  <testcase name="ticketBooking" time="0.001" classname="com.crm.vtiger.dataProvider.DataProviderDemoTest"/>
  <testcase name="ticketBooking" time="0.000" classname="com.crm.vtiger.dataProvider.DataProviderDemoTest"/>
  <testcase name="ticketBooking" time="0.000" classname="com.crm.vtiger.dataProvider.DataProviderDemoTest"/>
</testsuite> <!-- com.crm.vtiger.dataProvider.DataProviderDemoTest -->
