<?xml version="1.0" encoding="UTF-8"?>
<!-- Generated by org.testng.reporters.JUnitReportReporter -->
<testsuite skipped="0" hostname="TYSS-Mohammad" name="com.crm.vtiger.CreateOrgTest" tests="3" failures="0" timestamp="08 Jan 2022 13:21:01 GMT" time="0.024" errors="0">
  <testcase name="createOrgWithRating" time="0.002" classname="com.crm.vtiger.CreateOrgTest"/>
  <testcase name="createOrgWithIndustry" time="0.020" classname="com.crm.vtiger.CreateOrgTest"/>
  <testcase name="createOrg" time="0.002" classname="com.crm.vtiger.CreateOrgTest"/>
</testsuite> <!-- com.crm.vtiger.CreateOrgTest -->
