<?xml version="1.0" encoding="UTF-8"?>
<!-- Generated by org.testng.reporters.JUnitReportReporter -->
<testsuite skipped="0" hostname="TYSS-Mohammad" name="com.crm.vtiger.dataProvider.CreateOrgTest" tests="3" failures="0" timestamp="08 Jan 2022 13:21:01 GMT" time="0.001" errors="0">
  <testcase name="createOrgWithIndustry" time="0.001" classname="com.crm.vtiger.dataProvider.CreateOrgTest"/>
  <testcase name="createOrg" time="0.000" classname="com.crm.vtiger.dataProvider.CreateOrgTest"/>
  <testcase name="createOrgWithRating" time="0.000" classname="com.crm.vtiger.dataProvider.CreateOrgTest"/>
</testsuite> <!-- com.crm.vtiger.dataProvider.CreateOrgTest -->
