<?xml version="1.0" encoding="UTF-8"?>
<!-- Generated by org.testng.reporters.JUnitReportReporter -->
<testsuite skipped="0" hostname="TYSS-Mohammad" name="com.crm.vtiger.LoginToVtigerTest" tests="1" failures="0" timestamp="08 Jan 2022 13:21:01 GMT" time="6.033" errors="0">
  <testcase name="ReadLoginDetailsFromPropertyFile" time="6.033" classname="com.crm.vtiger.LoginToVtigerTest"/>
</testsuite> <!-- com.crm.vtiger.LoginToVtigerTest -->
